# JRE version: OpenJDK Runtime Environment Corretto-21.0.2.13.1 (21.0.2+13) (build 21.0.2+13-LTS)
# Java VM: OpenJDK 64-Bit Server VM Corretto-21.0.2.13.1 (21.0.2+13-LTS, mixed mode, sharing, tiered, compressed oops, compressed class ptrs, g1 gc, windows-amd64)
GC Precious Log:
 CardTable entry size: 512
 Card Set container configuration: InlinePtr #cards 4 size 8 Array Of Cards #cards 16 size 48 Howl #buckets 8 coarsen threshold 3686 Howl Bitmap #cards 512 size 80 coarsen threshold 460 Card regions per heap region 1 cards per card region 4096
 CPUs: 4 total, 4 available
 Memory: 12171M
 Large Page Support: Disabled
 NUMA Support: Disabled
 Compressed Oops: Enabled (Zero based)
 Heap Region Size: 2M
 Heap Min Capacity: 8M
 Heap Initial Capacity: 192M
 Heap Max Capacity: 3044M
 Pre-touch: Disabled
 Parallel Workers: 4
 Concurrent Workers: 1
 Concurrent Refinement Workers: 4
 Periodic GC: Disabled
Heap:
 garbage-first heap   total 59392K, used 28861K [0x0000000741c00000, 0x0000000800000000)
  region size 2048K, 3 young (6144K), 2 survivors (4096K)
 Metaspace       used 67464K, committed 68096K, reserved 1114112K
  class space    used 9006K, committed 9280K, reserved 1048576K
GC Heap History (20 events):
Event: 3.886 GC heap before
{Heap before GC invocations=3 (full 0):
 garbage-first heap   total 196608K, used 50098K [0x0000000741c00000, 0x0000000800000000)
  region size 2048K, 23 young (47104K), 2 survivors (4096K)
 Metaspace       used 21280K, committed 21504K, reserved 1114112K
  class space    used 2583K, committed 2688K, reserved 1048576K
}
Event: 3.900 GC heap after
{Heap after GC invocations=4 (full 0):
 garbage-first heap   total 196608K, used 12719K [0x0000000741c00000, 0x0000000800000000)
  region size 2048K, 4 young (8192K), 4 survivors (8192K)
 Metaspace       used 21280K, committed 21504K, reserved 1114112K
  class space    used 2583K, committed 2688K, reserved 1048576K
}
Event: 5.115 GC heap before
{Heap before GC invocations=5 (full 0):
 garbage-first heap   total 49152K, used 33199K [0x0000000741c00000, 0x0000000800000000)
  region size 2048K, 14 young (28672K), 4 survivors (8192K)
 Metaspace       used 25622K, committed 26048K, reserved 1114112K
  class space    used 3158K, committed 3392K, reserved 1048576K
}
Event: 5.134 GC heap after
{Heap after GC invocations=6 (full 0):
 garbage-first heap   total 49152K, used 15009K [0x0000000741c00000, 0x0000000800000000)
  region size 2048K, 2 young (4096K), 2 survivors (4096K)
 Metaspace       used 25622K, committed 26048K, reserved 1114112K
  class space    used 3158K, committed 3392K, reserved 1048576K
}
Event: 6.166 GC heap before
{Heap before GC invocations=6 (full 0):
 garbage-first heap   total 49152K, used 35489K [0x0000000741c00000, 0x0000000800000000)
  region size 2048K, 12 young (24576K), 2 survivors (4096K)
 Metaspace       used 30246K, committed 30720K, reserved 1114112K
  class space    used 3739K, committed 3968K, reserved 1048576K
}
Event: 6.189 GC heap after
{Heap after GC invocations=7 (full 0):
 garbage-first heap   total 49152K, used 17177K [0x0000000741c00000, 0x0000000800000000)
  region size 2048K, 2 young (4096K), 2 survivors (4096K)
 Metaspace       used 30246K, committed 30720K, reserved 1114112K
  class space    used 3739K, committed 3968K, reserved 1048576K
}
Event: 6.888 GC heap before
{Heap before GC invocations=7 (full 0):
 garbage-first heap   total 49152K, used 33561K [0x0000000741c00000, 0x0000000800000000)
  region size 2048K, 12 young (24576K), 2 survivors (4096K)
 Metaspace       used 35520K, committed 35968K, reserved 1114112K
  class space    used 4325K, committed 4544K, reserved 1048576K
}
Event: 6.897 GC heap after
{Heap after GC invocations=8 (full 0):
 garbage-first heap   total 49152K, used 18968K [0x0000000741c00000, 0x0000000800000000)
  region size 2048K, 2 young (4096K), 2 survivors (4096K)
 Metaspace       used 35520K, committed 35968K, reserved 1114112K
  class space    used 4325K, committed 4544K, reserved 1048576K
}
Event: 7.837 GC heap before
{Heap before GC invocations=9 (full 0):
 garbage-first heap   total 49152K, used 37400K [0x0000000741c00000, 0x0000000800000000)
  region size 2048K, 12 young (24576K), 2 survivors (4096K)
 Metaspace       used 40981K, committed 41536K, reserved 1114112K
  class space    used 5143K, committed 5376K, reserved 1048576K
}
Event: 7.847 GC heap after
{Heap after GC invocations=10 (full 0):
 garbage-first heap   total 49152K, used 20500K [0x0000000741c00000, 0x0000000800000000)
  region size 2048K, 2 young (4096K), 2 survivors (4096K)
 Metaspace       used 40981K, committed 41536K, reserved 1114112K
  class space    used 5143K, committed 5376K, reserved 1048576K
}
Event: 8.485 GC heap before
{Heap before GC invocations=10 (full 0):
 garbage-first heap   total 49152K, used 38932K [0x0000000741c00000, 0x0000000800000000)
  region size 2048K, 11 young (22528K), 2 survivors (4096K)
 Metaspace       used 45844K, committed 46336K, reserved 1114112K
  class space    used 5863K, committed 6080K, reserved 1048576K
}
Event: 8.504 GC heap after
{Heap after GC invocations=11 (full 0):
 garbage-first heap   total 59392K, used 20437K [0x0000000741c00000, 0x0000000800000000)
  region size 2048K, 2 young (4096K), 2 survivors (4096K)
 Metaspace       used 45844K, committed 46336K, reserved 1114112K
  class space    used 5863K, committed 6080K, reserved 1048576K
}
Event: 9.576 GC heap before
{Heap before GC invocations=11 (full 0):
 garbage-first heap   total 59392K, used 47061K [0x0000000741c00000, 0x0000000800000000)
  region size 2048K, 16 young (32768K), 2 survivors (4096K)
 Metaspace       used 55246K, committed 55872K, reserved 1114112K
  class space    used 7342K, committed 7616K, reserved 1048576K
}
Event: 9.583 GC heap after
{Heap after GC invocations=12 (full 0):
 garbage-first heap   total 59392K, used 21833K [0x0000000741c00000, 0x0000000800000000)
  region size 2048K, 2 young (4096K), 2 survivors (4096K)
 Metaspace       used 55246K, committed 55872K, reserved 1114112K
  class space    used 7342K, committed 7616K, reserved 1048576K
}
Event: 10.317 GC heap before
{Heap before GC invocations=12 (full 0):
 garbage-first heap   total 59392K, used 44361K [0x0000000741c00000, 0x0000000800000000)
  region size 2048K, 14 young (28672K), 2 survivors (4096K)
 Metaspace       used 59475K, committed 60096K, reserved 1114112K
  class space    used 7892K, committed 8192K, reserved 1048576K
}
Event: 10.326 GC heap after
{Heap after GC invocations=13 (full 0):
 garbage-first heap   total 59392K, used 23954K [0x0000000741c00000, 0x0000000800000000)
  region size 2048K, 2 young (4096K), 2 survivors (4096K)
 Metaspace       used 59475K, committed 60096K, reserved 1114112K
  class space    used 7892K, committed 8192K, reserved 1048576K
}
Event: 11.148 GC heap before
{Heap before GC invocations=14 (full 0):
 garbage-first heap   total 59392K, used 48530K [0x0000000741c00000, 0x0000000800000000)
  region size 2048K, 14 young (28672K), 2 survivors (4096K)
 Metaspace       used 61769K, committed 62400K, reserved 1114112K
  class space    used 8265K, committed 8512K, reserved 1048576K
}
Event: 11.161 GC heap after
{Heap after GC invocations=15 (full 0):
 garbage-first heap   total 59392K, used 26941K [0x0000000741c00000, 0x0000000800000000)
  region size 2048K, 2 young (4096K), 2 survivors (4096K)
 Metaspace       used 61769K, committed 62400K, reserved 1114112K
  class space    used 8265K, committed 8512K, reserved 1048576K
}
Event: 20.479 GC heap before
{Heap before GC invocations=15 (full 0):
 garbage-first heap   total 59392K, used 47421K [0x0000000741c00000, 0x0000000800000000)
  region size 2048K, 13 young (26624K), 2 survivors (4096K)
 Metaspace       used 67092K, committed 67776K, reserved 1114112K
  class space    used 8958K, committed 9280K, reserved 1048576K
}
Event: 20.498 GC heap after
{Heap after GC invocations=16 (full 0):
 garbage-first heap   total 59392K, used 28861K [0x0000000741c00000, 0x0000000800000000)
  region size 2048K, 2 young (4096K), 2 survivors (4096K)
 Metaspace       used 67092K, committed 67776K, reserved 1114112K
  class space    used 8958K, committed 9280K, reserved 1048576K
}

